<?xml version="1.0" encoding="UTF-8"?>
<testng-results ignored="3" total="4" passed="1" failed="0" skipped="0">
  <reporter-output>
  </reporter-output>
  <suite started-at="2024-08-13T11:46:27 IST" name="Suite" finished-at="2024-08-13T11:46:34 IST" duration-ms="6340">
    <groups>
      <group name="Reggression">
        <method signature="LoginTest.verifyWhetherUserabletoLoginWithCorrectUserNamePwd()[pri:0, instance:testscripts.LoginTest@7098b907]" name="verifyWhetherUserabletoLoginWithCorrectUserNamePwd" class="testscripts.LoginTest"/>
      </group> <!-- Reggression -->
    </groups>
    <test started-at="2024-08-13T11:46:27 IST" name="Test" finished-at="2024-08-13T11:46:34 IST" duration-ms="6340">
      <class name="testscripts.LoginTest">
        <test-method is-config="true" signature="initializeBrowser(java.lang.String)[pri:0, instance:testscripts.LoginTest@7098b907]" started-at="2024-08-13T11:46:27 IST" name="initializeBrowser" finished-at="2024-08-13T11:46:32 IST" duration-ms="5034" status="PASS">
          <params>
            <param index="0">
              <value>
                <![CDATA[chrome]]>
              </value>
            </param>
          </params>
          <reporter-output>
          </reporter-output>
        </test-method> <!-- initializeBrowser -->
        <test-method signature="verifyWhetherUserabletoLoginWithCorrectUserNamePwd()[pri:0, instance:testscripts.LoginTest@7098b907]" started-at="2024-08-13T11:46:32 IST" name="verifyWhetherUserabletoLoginWithCorrectUserNamePwd" description="This test case is used to verify whether user can login with correct username and password" finished-at="2024-08-13T11:46:34 IST" duration-ms="1281" status="PASS">
          <reporter-output>
          </reporter-output>
        </test-method> <!-- verifyWhetherUserabletoLoginWithCorrectUserNamePwd -->
      </class> <!-- testscripts.LoginTest -->
    </test> <!-- Test -->
  </suite> <!-- Suite -->
</testng-results>
