<?xml version="1.0" encoding="UTF-8"?>
<!-- Generated by org.testng.reporters.JUnitXMLReporter -->
<testsuite ignored="3" hostname="LAPTOP-4KFUHQH6" failures="1" tests="1" name="ChromeTest" time="14.005" errors="0" timestamp="2024-08-05T12:19:17 IST">
  <testcase classname="testscripts.LoginTest" name="verifyWhetherUserabletoLoginWithCorrectUserNamePwd" time="2.629">
    <failure type="java.lang.NullPointerException" message="Cannot invoke &amp;quot;utilities.WaitUtility.waitUsingElementToBePresent(org.openqa.selenium.WebDriver, org.openqa.selenium.WebElement)&amp;quot; because &amp;quot;this.waitutility&amp;quot; is null">
      <![CDATA[java.lang.NullPointerException: Cannot invoke "utilities.WaitUtility.waitUsingElementToBePresent(org.openqa.selenium.WebDriver, org.openqa.selenium.WebElement)" because "this.waitutility" is null
at pages.Loginpage.enterPasswordonPasswordfield(Loginpage.java:34)
at testscripts.LoginTest.verifyWhetherUserabletoLoginWithCorrectUserNamePwd(LoginTest.java:20)
at java.base/java.util.ArrayList.forEach(ArrayList.java:1511)
... Removed 27 stack frames]]>
    </failure>
  </testcase> <!-- verifyWhetherUserabletoLoginWithCorrectUserNamePwd -->
  <testcase classname="testscripts.LoginTest" name="verifyWhetherUserUnabletoLoginWithCorrectUserNameInCorrectPwd" time="0.0">
    <ignored/>
  </testcase> <!-- verifyWhetherUserUnabletoLoginWithCorrectUserNameInCorrectPwd -->
  <testcase classname="testscripts.LoginTest" name="verifyWhetherUserUnabletoIncorrectUserNameInCorrectPwd" time="0.0">
    <ignored/>
  </testcase> <!-- verifyWhetherUserUnabletoIncorrectUserNameInCorrectPwd -->
  <testcase classname="testscripts.LoginTest" name="verifyWhetherUserUnabletoLoginWithInCorrectUserNameCorrectPwd" time="0.0">
    <ignored/>
  </testcase> <!-- verifyWhetherUserUnabletoLoginWithInCorrectUserNameCorrectPwd -->
</testsuite> <!-- ChromeTest -->
