<?xml version="1.0" encoding="UTF-8"?>
<!-- Generated by org.testng.reporters.JUnitXMLReporter -->
<testsuite ignored="3" hostname="LAPTOP-4KFUHQH6" failures="0" tests="1" name="Test" time="6.34" errors="0" timestamp="2024-08-13T11:46:34 IST">
  <testcase classname="testscripts.LoginTest" name="verifyWhetherUserabletoLoginWithCorrectUserNamePwd" time="1.281"/>
  <testcase classname="testscripts.LoginTest" name="verifyWhetherUserUnabletoLoginWithCorrectUserNameInCorrectPwd" time="0.0">
    <ignored/>
  </testcase> <!-- verifyWhetherUserUnabletoLoginWithCorrectUserNameInCorrectPwd -->
  <testcase classname="testscripts.LoginTest" name="verifyWhetherUserUnabletoLoginWithInCorrectUserNameCorrectPwd" time="0.0">
    <ignored/>
  </testcase> <!-- verifyWhetherUserUnabletoLoginWithInCorrectUserNameCorrectPwd -->
  <testcase classname="testscripts.LoginTest" name="verifyWhetherUserUnabletologinwithIncorrectUserNameInCorrectPwd" time="0.0">
    <ignored/>
  </testcase> <!-- verifyWhetherUserUnabletologinwithIncorrectUserNameInCorrectPwd -->
</testsuite> <!-- Test -->
