<?xml version="1.0" encoding="UTF-8"?>
<!-- Generated by org.testng.reporters.JUnitXMLReporter -->
<testsuite ignored="3" hostname="LAPTOP-4KFUHQH6" failures="1" tests="1" name="FireFoxTest" time="18.216" errors="0" timestamp="2024-08-05T12:25:02 IST">
  <testcase classname="testscripts.LoginTest" name="verifyWhetherUserabletoLoginWithCorrectUserNamePwd" time="1.602">
    <failure type="java.lang.NullPointerException" message="Cannot invoke &amp;quot;utilities.WaitUtility.waitUsingElementToBePresent(org.openqa.selenium.WebDriver, org.openqa.selenium.WebElement)&amp;quot; because &amp;quot;this.waitutility&amp;quot; is null">
      <![CDATA[java.lang.NullPointerException: Cannot invoke "utilities.WaitUtility.waitUsingElementToBePresent(org.openqa.selenium.WebDriver, org.openqa.selenium.WebElement)" because "this.waitutility" is null
at pages.Loginpage.enterPasswordonPasswordfield(Loginpage.java:34)
at testscripts.LoginTest.verifyWhetherUserabletoLoginWithCorrectUserNamePwd(LoginTest.java:20)
at java.base/java.util.ArrayList.forEach(ArrayList.java:1511)
at java.base/java.util.concurrent.FutureTask.run(FutureTask.java:264)
at java.base/java.util.concurrent.ThreadPoolExecutor.runWorker(ThreadPoolExecutor.java:1136)
at java.base/java.util.concurrent.ThreadPoolExecutor$Worker.run(ThreadPoolExecutor.java:635)
at java.base/java.lang.Thread.run(Thread.java:842)
... Removed 18 stack frames]]>
    </failure>
  </testcase> <!-- verifyWhetherUserabletoLoginWithCorrectUserNamePwd -->
  <testcase classname="testscripts.LoginTest" name="verifyWhetherUserUnabletoLoginWithCorrectUserNameInCorrectPwd" time="0.0">
    <ignored/>
  </testcase> <!-- verifyWhetherUserUnabletoLoginWithCorrectUserNameInCorrectPwd -->
  <testcase classname="testscripts.LoginTest" name="verifyWhetherUserUnabletoIncorrectUserNameInCorrectPwd" time="0.0">
    <ignored/>
  </testcase> <!-- verifyWhetherUserUnabletoIncorrectUserNameInCorrectPwd -->
  <testcase classname="testscripts.LoginTest" name="verifyWhetherUserUnabletoLoginWithInCorrectUserNameCorrectPwd" time="0.0">
    <ignored/>
  </testcase> <!-- verifyWhetherUserUnabletoLoginWithInCorrectUserNameCorrectPwd -->
</testsuite> <!-- FireFoxTest -->
